TN:
SF:src\modules\admin\admin.service.ts
FN:15,(anonymous_0)
FN:17,(anonymous_1)
FN:22,(anonymous_2)
FN:54,(anonymous_3)
FN:64,(anonymous_4)
FN:65,(anonymous_5)
FN:66,(anonymous_6)
FN:72,(anonymous_7)
FN:110,(anonymous_8)
FNF:9
FNH:9
FNDA:4,(anonymous_0)
FNDA:1,(anonymous_1)
FNDA:1,(anonymous_2)
FNDA:1,(anonymous_3)
FNDA:3,(anonymous_4)
FNDA:3,(anonymous_5)
FNDA:3,(anonymous_6)
FNDA:1,(anonymous_7)
FNDA:1,(anonymous_8)
DA:4,1
DA:15,4
DA:18,1
DA:19,1
DA:34,1
DA:35,1
DA:37,1
DA:38,3
DA:39,3
DA:47,3
DA:48,3
DA:49,3
DA:50,3
DA:51,3
DA:54,1
DA:55,1
DA:58,1
DA:64,3
DA:65,3
DA:66,3
DA:96,1
DA:97,1
DA:98,1
DA:100,1
DA:111,1
LF:25
LH:25
BRDA:15,0,0,4
BRDA:18,1,0,1
BRDA:18,1,1,1
BRDA:39,2,0,3
BRDA:39,2,1,2
BRF:5
BRH:5
end_of_record
TN:
SF:src\modules\auth\auth.service.ts
FN:13,requireEnv
FN:19,redisRefreshKey
FN:38,makeAppError
FN:47,(anonymous_3)
FN:62,(anonymous_4)
FN:66,(anonymous_5)
FN:78,(anonymous_6)
FN:93,(anonymous_7)
FN:115,(anonymous_8)
FNF:9
FNH:9
FNDA:15,requireEnv
FNDA:8,redisRefreshKey
FNDA:7,makeAppError
FNDA:4,(anonymous_3)
FNDA:4,(anonymous_4)
FNDA:4,(anonymous_5)
FNDA:4,(anonymous_6)
FNDA:4,(anonymous_7)
FNDA:2,(anonymous_8)
DA:8,1
DA:9,1
DA:10,1
DA:11,1
DA:14,15
DA:15,15
DA:16,15
DA:20,8
DA:39,7
DA:40,7
DA:41,7
DA:45,14
DA:48,4
DA:49,4
DA:54,4
DA:59,4
DA:63,4
DA:67,4
DA:68,4
DA:70,3
DA:71,3
DA:72,3
DA:73,3
DA:74,3
DA:75,3
DA:79,4
DA:81,4
DA:85,3
DA:87,1
DA:88,1
DA:89,1
DA:90,1
DA:95,4
DA:96,4
DA:98,1
DA:101,3
DA:102,3
DA:104,2
DA:105,2
DA:107,1
DA:112,1
DA:116,2
DA:117,2
DA:121,2
LF:44
LH:44
BRDA:9,0,0,1
BRDA:9,0,1,1
BRDA:15,1,0,0
BRDA:15,1,1,15
BRDA:68,2,0,1
BRDA:68,2,1,3
BRDA:81,3,0,2
BRDA:81,3,1,2
BRDA:85,4,0,3
BRDA:85,4,1,-1
BRDA:85,5,0,2
BRDA:85,5,1,2
BRDA:102,6,0,1
BRDA:102,6,1,2
BRDA:105,7,0,1
BRDA:105,7,1,1
BRF:16
BRH:14
end_of_record
TN:
SF:src\modules\catalog\catalog.service.ts
FN:17,generateSlug
FN:21,generateSku
FN:30,(anonymous_2)
FN:37,(anonymous_3)
FN:44,(anonymous_4)
FN:47,(anonymous_5)
FN:50,(anonymous_6)
FN:64,(anonymous_7)
FN:80,(anonymous_8)
FN:86,(anonymous_9)
FN:116,(anonymous_10)
FN:139,(anonymous_11)
FN:146,(anonymous_12)
FN:174,(anonymous_13)
FN:181,(anonymous_14)
FN:186,(anonymous_15)
FN:193,(anonymous_16)
FN:200,(anonymous_17)
FN:207,(anonymous_18)
FN:249,(anonymous_19)
FN:258,(anonymous_20)
FN:268,(anonymous_21)
FNF:22
FNH:21
FNDA:5,generateSlug
FNDA:3,generateSku
FNDA:1,(anonymous_2)
FNDA:3,(anonymous_3)
FNDA:6,(anonymous_4)
FNDA:6,(anonymous_5)
FNDA:2,(anonymous_6)
FNDA:0,(anonymous_7)
FNDA:15,(anonymous_8)
FNDA:5,(anonymous_9)
FNDA:3,(anonymous_10)
FNDA:1,(anonymous_11)
FNDA:4,(anonymous_12)
FNDA:1,(anonymous_13)
FNDA:1,(anonymous_14)
FNDA:2,(anonymous_15)
FNDA:1,(anonymous_16)
FNDA:3,(anonymous_17)
FNDA:1,(anonymous_18)
FNDA:3,(anonymous_19)
FNDA:2,(anonymous_20)
FNDA:2,(anonymous_21)
DA:14,1
DA:15,1
DA:18,5
DA:22,3
DA:23,3
DA:24,3
DA:33,1
DA:34,1
DA:38,3
DA:39,3
DA:40,2
DA:41,1
DA:45,6
DA:46,6
DA:49,6
DA:50,2
DA:53,6
DA:64,0
DA:81,15
DA:82,15
DA:83,14
DA:87,5
DA:88,5
DA:90,4
DA:91,2
DA:94,3
DA:105,3
DA:106,1
DA:109,3
DA:110,1
DA:113,3
DA:117,3
DA:119,3
DA:120,3
DA:121,3
DA:122,3
DA:124,3
DA:125,1
DA:126,2
DA:127,1
DA:128,1
DA:131,2
DA:132,1
DA:133,1
DA:136,2
DA:140,1
DA:141,1
DA:147,4
DA:148,4
DA:150,4
DA:151,4
DA:152,1
DA:153,1
DA:154,1
DA:157,3
DA:160,3
DA:167,3
DA:168,3
DA:171,3
DA:175,1
DA:176,1
DA:182,1
DA:183,1
DA:187,2
DA:188,2
DA:189,2
DA:190,1
DA:194,1
DA:195,1
DA:201,3
DA:202,3
DA:203,3
DA:213,1
DA:215,1
DA:216,1
DA:217,1
DA:218,1
DA:219,1
DA:220,1
DA:224,1
DA:225,1
DA:226,1
DA:227,1
DA:228,1
DA:229,0
DA:233,1
DA:240,1
DA:241,1
DA:242,1
DA:243,1
DA:254,3
DA:255,3
DA:257,3
DA:258,3
DA:261,3
DA:262,2
DA:264,1
DA:265,1
DA:268,3
DA:269,2
DA:273,3
DA:274,2
DA:276,1
DA:277,1
DA:280,3
LF:105
LH:103
BRDA:21,0,0,3
BRDA:23,1,0,2
BRDA:23,1,1,1
BRDA:39,2,0,1
BRDA:39,2,1,2
BRDA:40,3,0,1
BRDA:40,3,1,1
BRDA:49,4,0,1
BRDA:49,4,1,5
BRDA:65,5,0,6
BRDA:65,5,1,5
BRDA:82,6,0,1
BRDA:82,6,1,14
BRDA:87,7,0,5
BRDA:87,7,1,4
BRDA:88,8,0,1
BRDA:88,8,1,4
BRDA:90,9,0,2
BRDA:90,9,1,2
BRDA:101,10,0,3
BRDA:101,10,1,0
BRDA:102,11,0,5
BRDA:102,11,1,3
BRDA:105,12,0,1
BRDA:105,12,1,2
BRDA:109,13,0,1
BRDA:109,13,1,2
BRDA:109,14,0,3
BRDA:109,14,1,1
BRDA:124,15,0,1
BRDA:124,15,1,2
BRDA:125,16,0,1
BRDA:125,16,1,0
BRDA:126,17,0,1
BRDA:126,17,1,1
BRDA:128,18,0,1
BRDA:128,18,1,0
BRDA:131,19,0,1
BRDA:131,19,1,1
BRDA:132,20,0,1
BRDA:132,20,1,0
BRDA:133,21,0,1
BRDA:133,21,1,0
BRDA:151,22,0,1
BRDA:151,22,1,3
BRDA:152,23,0,1
BRDA:152,23,1,0
BRDA:153,24,0,1
BRDA:153,24,1,0
BRDA:157,25,0,1
BRDA:157,25,1,2
BRDA:163,26,0,3
BRDA:163,26,1,0
BRDA:167,27,0,3
BRDA:167,27,1,0
BRDA:183,28,0,1
BRDA:183,28,1,0
BRDA:189,29,0,1
BRDA:189,29,1,1
BRDA:189,30,0,2
BRDA:189,30,1,2
BRDA:203,31,0,1
BRDA:203,31,1,2
BRDA:226,32,0,1
BRDA:226,32,1,0
BRDA:227,33,0,1
BRDA:227,33,1,0
BRDA:228,34,0,0
BRDA:228,34,1,1
BRDA:236,35,0,1
BRDA:236,35,1,0
BRDA:240,36,0,1
BRDA:240,36,1,0
BRDA:242,37,0,1
BRDA:242,37,1,0
BRDA:255,38,0,3
BRDA:255,38,1,0
BRDA:261,39,0,2
BRDA:261,39,1,1
BRDA:268,40,0,3
BRDA:268,40,1,1
BRDA:273,41,0,2
BRDA:273,41,1,1
BRF:83
BRH:66
end_of_record
TN:
SF:src\modules\categories\categories.service.ts
FN:8,generateSlug
FN:18,(anonymous_1)
FN:29,(anonymous_2)
FN:33,(anonymous_3)
FN:37,(anonymous_4)
FN:43,(anonymous_5)
FN:49,(anonymous_6)
FN:63,(anonymous_7)
FN:87,(anonymous_8)
FNF:9
FNH:9
FNDA:4,generateSlug
FNDA:3,(anonymous_1)
FNDA:1,(anonymous_2)
FNDA:1,(anonymous_3)
FNDA:6,(anonymous_4)
FNDA:2,(anonymous_5)
FNDA:4,(anonymous_6)
FNDA:3,(anonymous_7)
FNDA:2,(anonymous_8)
DA:6,1
DA:9,4
DA:19,3
DA:20,3
DA:21,2
DA:22,2
DA:23,2
DA:24,2
DA:30,1
DA:34,1
DA:38,6
DA:39,6
DA:40,5
DA:44,2
DA:45,2
DA:46,1
DA:50,4
DA:52,4
DA:53,1
DA:56,3
DA:57,2
DA:60,1
DA:64,3
DA:66,3
DA:68,3
DA:69,1
DA:70,1
DA:72,0
DA:73,2
DA:74,1
DA:75,1
DA:76,1
DA:80,2
DA:81,1
DA:84,1
DA:88,2
DA:89,2
DA:90,2
DA:91,1
DA:93,1
LF:40
LH:39
BRDA:20,0,0,1
BRDA:20,0,1,2
BRDA:21,1,0,2
BRDA:21,1,1,0
BRDA:23,2,0,2
BRDA:23,2,1,0
BRDA:39,3,0,1
BRDA:39,3,1,5
BRDA:45,4,0,1
BRDA:45,4,1,1
BRDA:50,5,0,4
BRDA:50,5,1,3
BRDA:52,6,0,1
BRDA:52,6,1,3
BRDA:56,7,0,2
BRDA:56,7,1,1
BRDA:68,8,0,1
BRDA:68,8,1,2
BRDA:69,9,0,1
BRDA:69,9,1,0
BRDA:73,10,0,1
BRDA:73,10,1,1
BRDA:75,11,0,1
BRDA:75,11,1,0
BRDA:80,12,0,1
BRDA:80,12,1,1
BRDA:90,13,0,1
BRDA:90,13,1,1
BRF:28
BRH:24
end_of_record
TN:
SF:src\modules\customers\customers.service.ts
FN:10,makeAppError
FN:19,(anonymous_1)
FN:26,(anonymous_2)
FN:37,(anonymous_3)
FN:41,(anonymous_4)
FN:45,(anonymous_5)
FN:51,(anonymous_6)
FN:55,(anonymous_7)
FN:59,(anonymous_8)
FN:65,(anonymous_9)
FNF:10
FNH:10
FNDA:4,makeAppError
FNDA:2,(anonymous_1)
FNDA:2,(anonymous_2)
FNDA:1,(anonymous_3)
FNDA:1,(anonymous_4)
FNDA:2,(anonymous_5)
FNDA:1,(anonymous_6)
FNDA:1,(anonymous_7)
FNDA:3,(anonymous_8)
FNDA:1,(anonymous_9)
DA:11,4
DA:12,4
DA:13,4
DA:17,11
DA:20,2
DA:21,2
DA:22,1
DA:23,1
DA:30,2
DA:31,2
DA:32,1
DA:33,1
DA:34,1
DA:38,1
DA:42,1
DA:46,2
DA:47,2
DA:48,1
DA:52,1
DA:56,1
DA:60,3
DA:61,3
DA:62,2
DA:66,1
DA:67,1
LF:25
LH:25
BRDA:21,0,0,1
BRDA:21,0,1,1
BRDA:31,1,0,1
BRDA:31,1,1,1
BRDA:47,2,0,1
BRDA:47,2,1,1
BRDA:61,3,0,1
BRDA:61,3,1,2
BRF:8
BRH:8
end_of_record
TN:
SF:src\modules\orders\coupons.service.ts
FN:10,(anonymous_0)
FN:16,(anonymous_1)
FN:23,(anonymous_2)
FN:29,(anonymous_3)
FN:38,(anonymous_4)
FN:50,(anonymous_5)
FNF:6
FNH:5
FNDA:2,(anonymous_0)
FNDA:0,(anonymous_1)
FNDA:7,(anonymous_2)
FNDA:3,(anonymous_3)
FNDA:2,(anonymous_4)
FNDA:8,(anonymous_5)
DA:5,1
DA:11,2
DA:12,2
DA:13,1
DA:19,0
DA:20,0
DA:24,7
DA:25,7
DA:26,4
DA:30,3
DA:31,2
DA:32,2
DA:33,2
DA:35,1
DA:39,2
DA:40,1
DA:51,8
DA:52,8
DA:53,7
DA:55,6
DA:56,6
DA:57,5
DA:59,4
DA:60,1
DA:63,3
DA:64,2
DA:65,2
DA:66,1
DA:70,2
LF:29
LH:27
BRDA:12,0,0,1
BRDA:12,0,1,1
BRDA:25,1,0,3
BRDA:25,1,1,4
BRDA:31,2,0,2
BRDA:31,2,1,0
BRDA:33,3,0,1
BRDA:33,3,1,1
BRDA:33,4,0,2
BRDA:33,4,1,2
BRDA:52,5,0,1
BRDA:52,5,1,7
BRDA:53,6,0,1
BRDA:53,6,1,6
BRDA:56,7,0,1
BRDA:56,7,1,5
BRDA:57,8,0,1
BRDA:57,8,1,4
BRDA:59,9,0,1
BRDA:59,9,1,3
BRDA:59,10,0,4
BRDA:59,10,1,1
BRDA:63,11,0,2
BRDA:63,11,1,1
BRDA:65,12,0,1
BRDA:65,12,1,1
BRF:26
BRH:25
end_of_record
TN:
SF:src\modules\orders\orders.service.ts
FN:25,(anonymous_0)
FN:91,(anonymous_1)
FN:120,(anonymous_2)
FN:176,(anonymous_3)
FN:194,(anonymous_4)
FN:204,(anonymous_5)
FN:214,(anonymous_6)
FN:223,(anonymous_7)
FN:229,(anonymous_8)
FN:237,(anonymous_9)
FNF:10
FNH:9
FNDA:11,(anonymous_0)
FNDA:5,(anonymous_1)
FNDA:4,(anonymous_2)
FNDA:2,(anonymous_3)
FNDA:1,(anonymous_4)
FNDA:2,(anonymous_5)
FNDA:2,(anonymous_6)
FNDA:0,(anonymous_7)
FNDA:1,(anonymous_8)
FNDA:1,(anonymous_9)
DA:8,1
DA:9,1
DA:11,1
DA:27,11
DA:30,11
DA:31,1
DA:35,10
DA:36,10
DA:39,9
DA:40,9
DA:42,1
DA:45,8
DA:49,1
DA:61,7
DA:62,7
DA:63,7
DA:67,7
DA:69,6
DA:70,6
DA:71,1
DA:75,1
DA:76,1
DA:78,0
DA:81,5
DA:91,5
DA:92,5
DA:95,5
DA:96,5
DA:97,3
DA:101,5
DA:102,5
DA:103,5
DA:104,3
DA:105,2
DA:107,1
DA:112,5
DA:113,1
DA:117,4
DA:120,4
DA:122,4
DA:123,4
DA:124,0
DA:128,0
DA:130,4
DA:134,4
DA:139,3
DA:140,2
DA:141,2
DA:145,2
DA:147,0
DA:155,2
DA:176,2
DA:189,2
DA:199,1
DA:200,1
DA:201,0
DA:205,2
DA:206,2
DA:207,2
DA:208,1
DA:209,0
DA:218,2
DA:219,2
DA:220,1
DA:224,0
DA:225,0
DA:226,0
DA:233,1
DA:234,1
DA:240,1
DA:241,1
LF:71
LH:62
BRDA:30,0,0,1
BRDA:30,0,1,10
BRDA:30,1,0,11
BRDA:30,1,1,10
BRDA:36,2,0,1
BRDA:36,2,1,9
BRDA:45,3,0,1
BRDA:45,3,1,7
BRDA:46,4,0,8
BRDA:46,4,1,7
BRDA:67,5,0,1
BRDA:67,5,1,6
BRDA:67,6,0,7
BRDA:67,6,1,7
BRDA:70,7,0,1
BRDA:70,7,1,5
BRDA:75,8,0,1
BRDA:75,8,1,0
BRDA:75,9,0,1
BRDA:75,9,1,1
BRDA:78,10,0,0
BRDA:78,10,1,0
BRDA:96,11,0,3
BRDA:96,11,1,2
BRDA:103,12,0,3
BRDA:103,12,1,2
BRDA:104,13,0,2
BRDA:104,13,1,1
BRDA:112,14,0,1
BRDA:112,14,1,4
BRDA:112,15,0,5
BRDA:112,15,1,3
BRDA:123,16,0,0
BRDA:123,16,1,4
BRDA:128,17,0,0
BRDA:128,17,1,0
BRDA:134,18,0,1
BRDA:134,18,1,3
BRDA:139,19,0,2
BRDA:139,19,1,1
BRDA:140,20,0,2
BRDA:140,20,1,0
BRDA:145,21,0,1
BRDA:145,21,1,1
BRDA:162,22,0,2
BRDA:162,22,1,1
BRDA:163,23,0,4
BRDA:163,23,1,1
BRDA:166,24,0,4
BRDA:166,24,1,2
BRDA:178,25,0,2
BRDA:178,25,1,2
BRDA:200,26,0,1
BRDA:200,26,1,0
BRDA:206,27,0,0
BRDA:206,27,1,2
BRDA:207,28,0,1
BRDA:207,28,1,1
BRDA:208,29,0,1
BRDA:208,29,1,0
BRDA:219,30,0,1
BRDA:219,30,1,1
BRDA:219,31,0,2
BRDA:219,31,1,2
BRDA:225,32,0,0
BRDA:225,32,1,0
BRF:66
BRH:54
end_of_record
TN:
SF:src\modules\payments\payments.service.ts
FN:14,getProvider
FN:30,(anonymous_1)
FN:92,(anonymous_2)
FNF:3
FNH:3
FNDA:6,getProvider
FNDA:6,(anonymous_1)
FNDA:7,(anonymous_2)
DA:8,1
DA:11,1
DA:12,1
DA:15,6
DA:16,6
DA:17,1
DA:22,5
DA:39,6
DA:44,6
DA:45,1
DA:48,5
DA:49,1
DA:52,4
DA:53,1
DA:56,3
DA:57,3
DA:64,2
DA:80,2
DA:93,7
DA:94,7
DA:95,7
DA:97,7
DA:99,6
DA:100,7
DA:101,7
DA:103,7
DA:104,6
DA:106,5
DA:107,5
DA:109,4
DA:110,4
DA:115,4
DA:117,3
DA:118,3
DA:119,3
DA:121,3
DA:123,3
DA:131,7
DA:133,7
DA:143,3
DA:145,3
DA:147,4
LF:42
LH:42
BRDA:16,0,0,1
BRDA:16,0,1,5
BRDA:44,1,0,1
BRDA:44,1,1,5
BRDA:48,2,0,1
BRDA:48,2,1,4
BRDA:52,3,0,1
BRDA:52,3,1,3
BRDA:70,4,0,1
BRDA:70,4,1,1
BRDA:71,5,0,1
BRDA:71,5,1,1
BRDA:93,6,0,7
BRDA:93,6,1,0
BRDA:94,7,0,7
BRDA:94,7,1,1
BRDA:95,8,0,7
BRDA:95,8,1,1
BRDA:97,9,0,1
BRDA:97,9,1,6
BRDA:97,10,0,7
BRDA:97,10,1,6
BRDA:99,11,0,6
BRDA:99,11,1,0
BRDA:104,12,0,1
BRDA:104,12,1,5
BRDA:107,13,0,1
BRDA:107,13,1,4
BRDA:115,14,0,1
BRDA:115,14,1,3
BRDA:123,15,0,2
BRDA:123,15,1,1
BRDA:125,16,0,1
BRDA:125,16,1,0
BRDA:127,17,0,0
BRDA:127,17,1,0
BRDA:131,18,0,7
BRDA:131,18,1,3
BRDA:136,19,0,1
BRDA:136,19,1,2
BRDA:137,20,0,1
BRDA:137,20,1,2
BRDA:138,21,0,3
BRDA:138,21,1,0
BRDA:139,22,0,2
BRDA:139,22,1,1
BRF:46
BRH:40
end_of_record
TN:
SF:src\modules\reviews\reviews.service.ts
FN:16,(anonymous_0)
FN:26,(anonymous_1)
FN:50,(anonymous_2)
FN:56,(anonymous_3)
FN:74,(anonymous_4)
FN:80,(anonymous_5)
FN:97,(anonymous_6)
FN:113,(anonymous_7)
FNF:8
FNH:8
FNDA:3,(anonymous_0)
FNDA:3,(anonymous_1)
FNDA:1,(anonymous_2)
FNDA:3,(anonymous_3)
FNDA:1,(anonymous_4)
FNDA:2,(anonymous_5)
FNDA:2,(anonymous_6)
FNDA:1,(anonymous_7)
DA:11,1
DA:17,3
DA:18,3
DA:28,3
DA:29,3
DA:32,2
DA:38,2
DA:40,2
DA:51,1
DA:52,1
DA:53,0
DA:57,3
DA:58,3
DA:60,2
DA:63,2
DA:66,2
DA:67,1
DA:70,2
DA:75,1
DA:76,1
DA:77,0
DA:81,2
DA:82,2
DA:84,2
DA:85,2
DA:87,2
DA:89,2
DA:90,1
DA:98,2
DA:99,2
DA:101,1
DA:108,1
DA:110,1
DA:116,1
DA:121,1
LF:35
LH:33
BRDA:29,0,0,1
BRDA:29,0,1,2
BRDA:52,1,0,1
BRDA:52,1,1,0
BRDA:58,2,0,1
BRDA:58,2,1,2
BRDA:58,3,0,3
BRDA:58,3,1,2
BRDA:66,4,0,1
BRDA:66,4,1,1
BRDA:76,5,0,1
BRDA:76,5,1,0
BRDA:82,6,0,0
BRDA:82,6,1,2
BRDA:82,7,0,2
BRDA:82,7,1,2
BRDA:89,8,0,1
BRDA:89,8,1,1
BRDA:99,9,0,1
BRDA:99,9,1,1
BRF:20
BRH:17
end_of_record
TN:
SF:src\modules\seo\redirects.service.ts
FN:11,(anonymous_0)
FN:15,(anonymous_1)
FN:19,(anonymous_2)
FN:25,(anonymous_3)
FN:33,(anonymous_4)
FN:41,(anonymous_5)
FN:46,(anonymous_6)
FN:53,(anonymous_7)
FNF:8
FNH:6
FNDA:0,(anonymous_0)
FNDA:0,(anonymous_1)
FNDA:1,(anonymous_2)
FNDA:2,(anonymous_3)
FNDA:1,(anonymous_4)
FNDA:3,(anonymous_5)
FNDA:1,(anonymous_6)
FNDA:2,(anonymous_7)
DA:5,1
DA:6,1
DA:8,1
DA:12,0
DA:16,0
DA:20,1
DA:21,1
DA:22,1
DA:26,2
DA:27,2
DA:28,1
DA:29,1
DA:30,1
DA:34,1
DA:35,1
DA:36,0
DA:37,0
DA:42,3
DA:43,3
DA:44,2
DA:45,2
DA:46,2
DA:48,1
DA:51,2
DA:52,2
DA:53,2
LF:26
LH:22
BRDA:27,0,0,1
BRDA:27,0,1,1
BRDA:35,1,0,1
BRDA:35,1,1,0
BRDA:43,2,0,2
BRDA:43,2,1,1
BRF:6
BRH:5
end_of_record
TN:
SF:src\modules\seo\seo.service.ts
FN:11,buildBreadcrumbItems
FN:25,(anonymous_1)
FN:34,(anonymous_2)
FN:50,(anonymous_3)
FN:81,(anonymous_4)
FN:90,(anonymous_5)
FN:147,(anonymous_6)
FNF:7
FNH:7
FNDA:2,buildBreadcrumbItems
FNDA:5,(anonymous_1)
FNDA:2,(anonymous_2)
FNDA:2,(anonymous_3)
FNDA:2,(anonymous_4)
FNDA:2,(anonymous_5)
FNDA:2,(anonymous_6)
DA:15,2
DA:18,2
DA:19,2
DA:20,2
DA:21,5
DA:22,5
DA:25,5
DA:36,2
DA:37,2
DA:40,1
DA:50,2
DA:52,1
DA:55,1
DA:56,3
DA:60,1
DA:61,1
DA:67,1
DA:68,1
DA:73,1
DA:76,1
DA:78,1
DA:83,2
DA:84,1
DA:86,1
DA:91,2
DA:98,2
DA:101,1
DA:102,2
DA:104,2
DA:128,2
DA:143,2
DA:148,2
DA:152,2
DA:154,1
DA:156,1
LF:35
LH:35
BRDA:15,0,0,0
BRDA:15,0,1,2
BRDA:37,1,0,1
BRDA:37,1,1,1
BRDA:83,2,0,1
BRDA:83,2,1,1
BRDA:98,3,0,1
BRDA:98,3,1,1
BRDA:108,4,0,2
BRDA:108,4,1,0
BRDA:109,5,0,1
BRDA:109,5,1,0
BRDA:115,6,0,1
BRDA:115,6,1,0
BRDA:119,7,0,1
BRDA:119,7,1,0
BRDA:152,8,0,1
BRDA:152,8,1,1
BRF:18
BRH:13
end_of_record
TN:
SF:src\modules\shipping\shipping.service.ts
FN:22,parseNumberEnv
FN:29,normalizeZipCode
FN:33,buildCacheKey
FN:35,(anonymous_3)
FN:43,(anonymous_4)
FN:54,toShippingProviderInput
FN:76,(anonymous_6)
FN:80,(anonymous_7)
FN:144,(anonymous_8)
FNF:9
FNH:8
FNDA:16,parseNumberEnv
FNDA:4,normalizeZipCode
FNDA:2,buildCacheKey
FNDA:2,(anonymous_3)
FNDA:0,(anonymous_4)
FNDA:1,toShippingProviderInput
FNDA:5,(anonymous_6)
FNDA:5,(anonymous_7)
FNDA:2,(anonymous_8)
DA:16,1
DA:17,1
DA:18,1
DA:23,16
DA:24,16
DA:25,0
DA:26,0
DA:30,4
DA:34,2
DA:35,2
DA:43,0
DA:45,2
DA:50,2
DA:51,2
DA:60,1
DA:77,5
DA:84,5
DA:89,5
DA:90,1
DA:96,4
DA:97,4
DA:98,4
DA:99,4
DA:100,4
DA:102,4
DA:103,4
DA:108,4
DA:109,1
DA:115,3
DA:116,1
DA:120,1
DA:121,1
DA:128,2
DA:140,2
DA:141,2
DA:143,2
DA:144,2
DA:145,2
DA:146,2
DA:147,4
DA:148,4
DA:149,4
DA:162,4
DA:164,2
DA:167,2
DA:168,1
DA:169,1
DA:172,1
DA:173,1
DA:179,1
DA:181,0
DA:183,0
DA:185,1
DA:186,1
DA:187,0
DA:190,1
DA:191,1
LF:57
LH:51
BRDA:24,0,0,16
BRDA:24,0,1,0
BRDA:26,1,0,0
BRDA:26,1,1,0
BRDA:36,2,0,2
BRDA:36,2,1,2
BRDA:65,3,0,1
BRDA:65,3,1,1
BRDA:66,4,0,1
BRDA:66,4,1,1
BRDA:67,5,0,1
BRDA:67,5,1,1
BRDA:76,6,0,5
BRDA:89,7,0,1
BRDA:89,7,1,4
BRDA:89,8,0,5
BRDA:89,8,1,4
BRDA:108,9,0,1
BRDA:108,9,1,3
BRDA:108,10,0,4
BRDA:108,10,1,4
BRDA:115,11,0,1
BRDA:115,11,1,2
BRDA:120,12,0,1
BRDA:120,12,1,0
BRDA:120,13,0,1
BRDA:120,13,1,1
BRDA:167,14,0,1
BRDA:167,14,1,1
BRDA:186,15,0,0
BRDA:186,15,1,1
BRF:31
BRH:26
end_of_record
